<?xml version="1.0" encoding="UTF-8"?>
<!-- Generated by org.testng.reporters.JUnitReportReporter -->
<testsuite hostname="LAPTOP-6KN3HGT8" failures="0" tests="2" name="MavenProject.MavenJava.Selenium" time="0.002" errors="0" timestamp="2022-03-05T06:14:37 EST" skipped="0">
  <testcase classname="MavenProject.MavenJava.Selenium" name="ElementsUi" time="0.001"/>
  <system-out/>
  <testcase classname="MavenProject.MavenJava.Selenium" name="BrowserActivatio" time="0.001"/>
  <system-out/>
</testsuite> <!-- MavenProject.MavenJava.Selenium -->
