<?xml version="1.0" encoding="UTF-8"?>
<!-- Generated by org.testng.reporters.JUnitReportReporter -->
<testsuite hostname="LAPTOP-6KN3HGT8" failures="0" tests="2" name="MavenProject.MavenJava.Appium" time="0.011" errors="0" timestamp="2022-03-05T06:14:37 EST" skipped="0">
  <testcase classname="MavenProject.MavenJava.Appium" name="NativeAppAndroid" time="0.002"/>
  <system-out/>
  <testcase classname="MavenProject.MavenJava.Appium" name="IOSApps" time="0.009"/>
  <system-out/>
</testsuite> <!-- MavenProject.MavenJava.Appium -->
